#
# There is insufficient memory for the Java Runtime Environment to continue.
# Native memory allocation (mmap) failed to map 65536 bytes for Failed to commit metaspace.
# Possible reasons:
#   The system is out of physical RAM or swap space
#   The process is running with CompressedOops enabled, and the Java Heap may be blocking the growth of the native heap
# Possible solutions:
#   Reduce memory load on the system
#   Increase physical memory or swap space
#   Check if swap backing store is full
#   Decrease Java heap size (-Xmx/-Xms)
#   Decrease number of Java threads
#   Decrease Java thread stack sizes (-Xss)
#   Set larger code cache with -XX:ReservedCodeCacheSize=
#   JVM is running with Unscaled Compressed Oops mode in which the Java heap is
#     placed in the first 4GB address space. The Java Heap base address is the
#     maximum limit for the native heap growth. Please use -XX:HeapBaseMinAddress
#     to set the Java Heap base and to place the Java Heap above 4GB virtual address.
# This output file may be truncated or incomplete.
#
#  Out of Memory Error (virtualSpaceNode.cpp:110), pid=636, tid=2484
#
# JRE version: OpenJDK Runtime Environment Temurin-17.0.3+7 (17.0.3+7) (build 17.0.3+7)
# Java VM: OpenJDK 64-Bit Server VM Temurin-17.0.3+7 (17.0.3+7, mixed mode, emulated-client, tiered, compressed oops, compressed class ptrs, g1 gc, windows-amd64)
# No core dump will be written. Minidumps are not enabled by default on client versions of Windows
#

---------------  S U M M A R Y ------------

Command Line: -Dcom.sun.management.jmxremote -Dcom.sun.management.jmxremote.port=50310 -Dcom.sun.management.jmxremote.authenticate=false -Dcom.sun.management.jmxremote.ssl=false -Djava.rmi.server.hostname=localhost -Dspring.jmx.enabled=true -Dspring.application.admin.enabled=true -XX:TieredStopAtLevel=1 -Dspring.boot.project.name=WorkitemMS -Dfile.encoding=UTF-8 -XX:+ShowCodeDetailsInExceptionMessages com.demo.ftr.WorkitemMsApplication --spring.output.ansi.enabled=always

Host: Intel(R) Core(TM) i3-5005U CPU @ 2.00GHz, 4 cores, 7G,  Windows 10 , 64 bit Build 19041 (10.0.19041.1202)
Time: Sun Jul 24 16:30:22 2022 India Standard Time elapsed time: 0.794672 seconds (0d 0h 0m 0s)

---------------  T H R E A D  ---------------

Current thread (0x00000157e0c4dfd0):  JavaThread "main" [_thread_in_vm, id=2484, stack(0x000000052d200000,0x000000052d300000)]

Stack: [0x000000052d200000,0x000000052d300000]
Native frames: (J=compiled Java code, j=interpreted, Vv=VM code, C=native code)
V  [jvm.dll+0x675efa]
V  [jvm.dll+0x830a24]
V  [jvm.dll+0x8321ce]
V  [jvm.dll+0x832833]
V  [jvm.dll+0x2454b5]
V  [jvm.dll+0x82c9cb]
V  [jvm.dll+0x61ab26]
V  [jvm.dll+0x61ab8a]
V  [jvm.dll+0x61d3aa]
V  [jvm.dll+0x61b4c6]
V  [jvm.dll+0x239a1f]
V  [jvm.dll+0x6252d5]
V  [jvm.dll+0x1ea19b]
V  [jvm.dll+0x1ea6d5]
V  [jvm.dll+0x1eb10f]
V  [jvm.dll+0x1e05b1]
V  [jvm.dll+0x53bb80]
V  [jvm.dll+0x1f0da7]
V  [jvm.dll+0x7aae5b]
V  [jvm.dll+0x7ac202]
V  [jvm.dll+0x7ac538]
V  [jvm.dll+0x23d79e]
V  [jvm.dll+0x37ed5e]
C  0x00000157e64a9a84

Java frames: (J=compiled Java code, j=interpreted, Vv=VM code)
j  java.util.concurrent.ConcurrentSkipListMap$KeySet.iterator()Ljava/util/Iterator;+10 java.base@17.0.3
j  java.util.concurrent.ConcurrentSkipListSet.iterator()Ljava/util/Iterator;+9 java.base@17.0.3
j  java.net.InetAddress.getAllByName0(Ljava/lang/String;Ljava/net/InetAddress;ZZ)[Ljava/net/InetAddress;+29 java.base@17.0.3
j  java.net.InetAddress.getLocalHost()Ljava/net/InetAddress;+88 java.base@17.0.3
j  javax.management.remote.JMXServiceURL.<init>(Ljava/lang/String;Ljava/lang/String;ILjava/lang/String;)V+15 java.management@17.0.3
j  javax.management.remote.JMXServiceURL.<init>(Ljava/lang/String;Ljava/lang/String;I)V+5 java.management@17.0.3
j  sun.management.jmxremote.ConnectorBootstrap.exportMBeanServer(Ljavax/management/MBeanServer;IIZZLjava/lang/String;[Ljava/lang/String;[Ljava/lang/String;ZZLjava/lang/String;Ljava/lang/String;ZLjava/lang/String;Ljava/lang/String;Ljava/lang/String;)Lsun/management/jmxremote/ConnectorBootstrap$JMXConnectorServerData;+18 jdk.management.agent@17.0.3
j  sun.management.jmxremote.ConnectorBootstrap.startRemoteConnectorServer(Ljava/lang/String;Ljava/util/Properties;)Ljavax/management/remote/JMXConnectorServer;+620 jdk.management.agent@17.0.3
j  jdk.internal.agent.Agent.startAgent(Ljava/util/Properties;)V+48 jdk.management.agent@17.0.3
j  jdk.internal.agent.Agent.startAgent()V+20 jdk.management.agent@17.0.3
v  ~StubRoutines::call_stub

---------------  P R O C E S S  ---------------

Threads class SMR info:
_java_thread_list=0x00000157f1236c10, length=13, elements={
0x00000157e0c4dfd0, 0x00000157f04037a0, 0x00000157f0404510, 0x00000157f1052990,
0x00000157f1053700, 0x00000157f1054470, 0x00000157f10574f0, 0x00000157e0b83590,
0x00000157f107bf90, 0x00000157f10c93e0, 0x00000157e0b84ee0, 0x00000157e0b85900,
0x00000157f1270650
}

Java Threads: ( => current thread )
=>0x00000157e0c4dfd0 JavaThread "main" [_thread_in_vm, id=2484, stack(0x000000052d200000,0x000000052d300000)]
  0x00000157f04037a0 JavaThread "Reference Handler" daemon [_thread_blocked, id=11452, stack(0x000000052d800000,0x000000052d900000)]
  0x00000157f0404510 JavaThread "Finalizer" daemon [_thread_blocked, id=8956, stack(0x000000052d900000,0x000000052da00000)]
  0x00000157f1052990 JavaThread "Signal Dispatcher" daemon [_thread_blocked, id=10928, stack(0x000000052da00000,0x000000052db00000)]
  0x00000157f1053700 JavaThread "Attach Listener" daemon [_thread_blocked, id=9844, stack(0x000000052db00000,0x000000052dc00000)]
  0x00000157f1054470 JavaThread "Service Thread" daemon [_thread_blocked, id=9812, stack(0x000000052dc00000,0x000000052dd00000)]
  0x00000157f10574f0 JavaThread "Monitor Deflation Thread" daemon [_thread_blocked, id=10000, stack(0x000000052dd00000,0x000000052de00000)]
  0x00000157e0b83590 JavaThread "C1 CompilerThread0" daemon [_thread_blocked, id=10716, stack(0x000000052de00000,0x000000052df00000)]
  0x00000157f107bf90 JavaThread "Sweeper thread" daemon [_thread_blocked, id=11944, stack(0x000000052df00000,0x000000052e000000)]
  0x00000157f10c93e0 JavaThread "Common-Cleaner" daemon [_thread_blocked, id=7964, stack(0x000000052e000000,0x000000052e100000)]
  0x00000157e0b84ee0 JavaThread "C1 CompilerThread1" daemon [_thread_blocked, id=11536, stack(0x000000052e100000,0x000000052e200000)]
  0x00000157e0b85900 JavaThread "C1 CompilerThread2" daemon [_thread_blocked, id=7420, stack(0x000000052e200000,0x000000052e300000)]
  0x00000157f1270650 JavaThread "Notification Thread" daemon [_thread_blocked, id=4716, stack(0x000000052e300000,0x000000052e400000)]

Other Threads:
  0x00000157f0401180 VMThread "VM Thread" [stack: 0x000000052d700000,0x000000052d800000] [id=10632]
  0x00000157e2e7ba80 GCTaskThread "GC Thread#0" [stack: 0x000000052d100000,0x000000052d200000] [id=9788]
  0x00000157e2e8c5e0 ConcurrentGCThread "G1 Main Marker" [stack: 0x000000052d300000,0x000000052d400000] [id=7672]
  0x00000157e2e8ebd0 ConcurrentGCThread "G1 Conc#0" [stack: 0x000000052d400000,0x000000052d500000] [id=9712]
  0x00000157e2eadb20 ConcurrentGCThread "G1 Refine#0" [stack: 0x000000052d500000,0x000000052d600000] [id=9856]
  0x00000157e2eae7e0 ConcurrentGCThread "G1 Service" [stack: 0x000000052d600000,0x000000052d700000] [id=10468]

Threads with active compile tasks:

VM state: not at safepoint (normal execution)

VM Mutex/Monitor currently owned by a thread:  ([mutex/lock_event])
[0x00000157e2e20470] Metaspace_lock - owner thread: 0x00000157e0c4dfd0

Heap address: 0x0000000081400000, size: 2028 MB, Compressed Oops mode: 32-bit

CDS archive(s) not mapped
Compressed class space mapped at: 0x0000000100000000-0x0000000140000000, reserved size: 1073741824
Narrow klass base: 0x0000000000000000, Narrow klass shift: 3, Narrow klass range: 0x140000000

GC Precious Log:
 CPUs: 4 total, 4 available
 Memory: 8104M
 Large Page Support: Disabled
 NUMA Support: Disabled
 Compressed Oops: Enabled (32-bit)
 Heap Region Size: 1M
 Heap Min Capacity: 8M
 Heap Initial Capacity: 128M
 Heap Max Capacity: 2028M
 Pre-touch: Disabled
 Parallel Workers: 4
 Concurrent Workers: 1
 Concurrent Refinement Workers: 4
 Periodic GC: Disabled

Heap:
 garbage-first heap   total 131072K, used 11264K [0x0000000081400000, 0x0000000100000000)
  region size 1024K, 11 young (11264K), 0 survivors (0K)
 Metaspace       used 9690K, committed 9856K, reserved 1064960K
  class space    used 935K, committed 1024K, reserved 1048576K

Heap Regions: E=young(eden), S=young(survivor), O=old, HS=humongous(starts), HC=humongous(continues), CS=collection set, F=free, OA=open archive, CA=closed archive, TAMS=top-at-mark-start (previous, next)
|   0|0x0000000081400000, 0x0000000081500000, 0x0000000081500000|100%|HS|  |TAMS 0x0000000081400000, 0x0000000081400000| Complete 
|   1|0x0000000081500000, 0x0000000081600000, 0x0000000081600000|100%|HS|  |TAMS 0x0000000081500000, 0x0000000081500000| Complete 
|   2|0x0000000081600000, 0x0000000081600000, 0x0000000081700000|  0%| F|  |TAMS 0x0000000081600000, 0x0000000081600000| Untracked 
|   3|0x0000000081700000, 0x0000000081700000, 0x0000000081800000|  0%| F|  |TAMS 0x0000000081700000, 0x0000000081700000| Untracked 
|   4|0x0000000081800000, 0x0000000081800000, 0x0000000081900000|  0%| F|  |TAMS 0x0000000081800000, 0x0000000081800000| Untracked 
|   5|0x0000000081900000, 0x0000000081900000, 0x0000000081a00000|  0%| F|  |TAMS 0x0000000081900000, 0x0000000081900000| Untracked 
|   6|0x0000000081a00000, 0x0000000081a00000, 0x0000000081b00000|  0%| F|  |TAMS 0x0000000081a00000, 0x0000000081a00000| Untracked 
|   7|0x0000000081b00000, 0x0000000081b00000, 0x0000000081c00000|  0%| F|  |TAMS 0x0000000081b00000, 0x0000000081b00000| Untracked 
|   8|0x0000000081c00000, 0x0000000081c00000, 0x0000000081d00000|  0%| F|  |TAMS 0x0000000081c00000, 0x0000000081c00000| Untracked 
|   9|0x0000000081d00000, 0x0000000081d00000, 0x0000000081e00000|  0%| F|  |TAMS 0x0000000081d00000, 0x0000000081d00000| Untracked 
|  10|0x0000000081e00000, 0x0000000081e00000, 0x0000000081f00000|  0%| F|  |TAMS 0x0000000081e00000, 0x0000000081e00000| Untracked 
|  11|0x0000000081f00000, 0x0000000081f00000, 0x0000000082000000|  0%| F|  |TAMS 0x0000000081f00000, 0x0000000081f00000| Untracked 
|  12|0x0000000082000000, 0x0000000082000000, 0x0000000082100000|  0%| F|  |TAMS 0x0000000082000000, 0x0000000082000000| Untracked 
|  13|0x0000000082100000, 0x0000000082100000, 0x0000000082200000|  0%| F|  |TAMS 0x0000000082100000, 0x0000000082100000| Untracked 
|  14|0x0000000082200000, 0x0000000082200000, 0x0000000082300000|  0%| F|  |TAMS 0x0000000082200000, 0x0000000082200000| Untracked 
|  15|0x0000000082300000, 0x0000000082300000, 0x0000000082400000|  0%| F|  |TAMS 0x0000000082300000, 0x0000000082300000| Untracked 
|  16|0x0000000082400000, 0x0000000082400000, 0x0000000082500000|  0%| F|  |TAMS 0x0000000082400000, 0x0000000082400000| Untracked 
|  17|0x0000000082500000, 0x0000000082500000, 0x0000000082600000|  0%| F|  |TAMS 0x0000000082500000, 0x0000000082500000| Untracked 
|  18|0x0000000082600000, 0x0000000082600000, 0x0000000082700000|  0%| F|  |TAMS 0x0000000082600000, 0x0000000082600000| Untracked 
|  19|0x0000000082700000, 0x0000000082700000, 0x0000000082800000|  0%| F|  |TAMS 0x0000000082700000, 0x0000000082700000| Untracked 
|  20|0x0000000082800000, 0x0000000082800000, 0x0000000082900000|  0%| F|  |TAMS 0x0000000082800000, 0x0000000082800000| Untracked 
|  21|0x0000000082900000, 0x0000000082900000, 0x0000000082a00000|  0%| F|  |TAMS 0x0000000082900000, 0x0000000082900000| Untracked 
|  22|0x0000000082a00000, 0x0000000082a00000, 0x0000000082b00000|  0%| F|  |TAMS 0x0000000082a00000, 0x0000000082a00000| Untracked 
|  23|0x0000000082b00000, 0x0000000082b00000, 0x0000000082c00000|  0%| F|  |TAMS 0x0000000082b00000, 0x0000000082b00000| Untracked 
|  24|0x0000000082c00000, 0x0000000082c00000, 0x0000000082d00000|  0%| F|  |TAMS 0x0000000082c00000, 0x0000000082c00000| Untracked 
|  25|0x0000000082d00000, 0x0000000082d00000, 0x0000000082e00000|  0%| F|  |TAMS 0x0000000082d00000, 0x0000000082d00000| Untracked 
|  26|0x0000000082e00000, 0x0000000082e00000, 0x0000000082f00000|  0%| F|  |TAMS 0x0000000082e00000, 0x0000000082e00000| Untracked 
|  27|0x0000000082f00000, 0x0000000082f00000, 0x0000000083000000|  0%| F|  |TAMS 0x0000000082f00000, 0x0000000082f00000| Untracked 
|  28|0x0000000083000000, 0x0000000083000000, 0x0000000083100000|  0%| F|  |TAMS 0x0000000083000000, 0x0000000083000000| Untracked 
|  29|0x0000000083100000, 0x0000000083100000, 0x0000000083200000|  0%| F|  |TAMS 0x0000000083100000, 0x0000000083100000| Untracked 
|  30|0x0000000083200000, 0x0000000083200000, 0x0000000083300000|  0%| F|  |TAMS 0x0000000083200000, 0x0000000083200000| Untracked 
|  31|0x0000000083300000, 0x0000000083300000, 0x0000000083400000|  0%| F|  |TAMS 0x0000000083300000, 0x0000000083300000| Untracked 
|  32|0x0000000083400000, 0x0000000083400000, 0x0000000083500000|  0%| F|  |TAMS 0x0000000083400000, 0x0000000083400000| Untracked 
|  33|0x0000000083500000, 0x0000000083500000, 0x0000000083600000|  0%| F|  |TAMS 0x0000000083500000, 0x0000000083500000| Untracked 
|  34|0x0000000083600000, 0x0000000083600000, 0x0000000083700000|  0%| F|  |TAMS 0x0000000083600000, 0x0000000083600000| Untracked 
|  35|0x0000000083700000, 0x0000000083700000, 0x0000000083800000|  0%| F|  |TAMS 0x0000000083700000, 0x0000000083700000| Untracked 
|  36|0x0000000083800000, 0x0000000083800000, 0x0000000083900000|  0%| F|  |TAMS 0x0000000083800000, 0x0000000083800000| Untracked 
|  37|0x0000000083900000, 0x0000000083900000, 0x0000000083a00000|  0%| F|  |TAMS 0x0000000083900000, 0x0000000083900000| Untracked 
|  38|0x0000000083a00000, 0x0000000083a00000, 0x0000000083b00000|  0%| F|  |TAMS 0x0000000083a00000, 0x0000000083a00000| Untracked 
|  39|0x0000000083b00000, 0x0000000083b00000, 0x0000000083c00000|  0%| F|  |TAMS 0x0000000083b00000, 0x0000000083b00000| Untracked 
|  40|0x0000000083c00000, 0x0000000083c00000, 0x0000000083d00000|  0%| F|  |TAMS 0x0000000083c00000, 0x0000000083c00000| Untracked 
|  41|0x0000000083d00000, 0x0000000083d00000, 0x0000000083e00000|  0%| F|  |TAMS 0x0000000083d00000, 0x0000000083d00000| Untracked 
|  42|0x0000000083e00000, 0x0000000083e00000, 0x0000000083f00000|  0%| F|  |TAMS 0x0000000083e00000, 0x0000000083e00000| Untracked 
|  43|0x0000000083f00000, 0x0000000083f00000, 0x0000000084000000|  0%| F|  |TAMS 0x0000000083f00000, 0x0000000083f00000| Untracked 
|  44|0x0000000084000000, 0x0000000084000000, 0x0000000084100000|  0%| F|  |TAMS 0x0000000084000000, 0x0000000084000000| Untracked 
|  45|0x0000000084100000, 0x0000000084100000, 0x0000000084200000|  0%| F|  |TAMS 0x0000000084100000, 0x0000000084100000| Untracked 
|  46|0x0000000084200000, 0x0000000084200000, 0x0000000084300000|  0%| F|  |TAMS 0x0000000084200000, 0x0000000084200000| Untracked 
|  47|0x0000000084300000, 0x0000000084300000, 0x0000000084400000|  0%| F|  |TAMS 0x0000000084300000, 0x0000000084300000| Untracked 
|  48|0x0000000084400000, 0x0000000084400000, 0x0000000084500000|  0%| F|  |TAMS 0x0000000084400000, 0x0000000084400000| Untracked 
|  49|0x0000000084500000, 0x0000000084500000, 0x0000000084600000|  0%| F|  |TAMS 0x0000000084500000, 0x0000000084500000| Untracked 
|  50|0x0000000084600000, 0x0000000084600000, 0x0000000084700000|  0%| F|  |TAMS 0x0000000084600000, 0x0000000084600000| Untracked 
|  51|0x0000000084700000, 0x0000000084700000, 0x0000000084800000|  0%| F|  |TAMS 0x0000000084700000, 0x0000000084700000| Untracked 
|  52|0x0000000084800000, 0x0000000084800000, 0x0000000084900000|  0%| F|  |TAMS 0x0000000084800000, 0x0000000084800000| Untracked 
|  53|0x0000000084900000, 0x0000000084900000, 0x0000000084a00000|  0%| F|  |TAMS 0x0000000084900000, 0x0000000084900000| Untracked 
|  54|0x0000000084a00000, 0x0000000084a00000, 0x0000000084b00000|  0%| F|  |TAMS 0x0000000084a00000, 0x0000000084a00000| Untracked 
|  55|0x0000000084b00000, 0x0000000084b00000, 0x0000000084c00000|  0%| F|  |TAMS 0x0000000084b00000, 0x0000000084b00000| Untracked 
|  56|0x0000000084c00000, 0x0000000084c00000, 0x0000000084d00000|  0%| F|  |TAMS 0x0000000084c00000, 0x0000000084c00000| Untracked 
|  57|0x0000000084d00000, 0x0000000084d00000, 0x0000000084e00000|  0%| F|  |TAMS 0x0000000084d00000, 0x0000000084d00000| Untracked 
|  58|0x0000000084e00000, 0x0000000084e00000, 0x0000000084f00000|  0%| F|  |TAMS 0x0000000084e00000, 0x0000000084e00000| Untracked 
|  59|0x0000000084f00000, 0x0000000084f00000, 0x0000000085000000|  0%| F|  |TAMS 0x0000000084f00000, 0x0000000084f00000| Untracked 
|  60|0x0000000085000000, 0x0000000085000000, 0x0000000085100000|  0%| F|  |TAMS 0x0000000085000000, 0x0000000085000000| Untracked 
|  61|0x0000000085100000, 0x0000000085100000, 0x0000000085200000|  0%| F|  |TAMS 0x0000000085100000, 0x0000000085100000| Untracked 
|  62|0x0000000085200000, 0x0000000085200000, 0x0000000085300000|  0%| F|  |TAMS 0x0000000085200000, 0x0000000085200000| Untracked 
|  63|0x0000000085300000, 0x0000000085300000, 0x0000000085400000|  0%| F|  |TAMS 0x0000000085300000, 0x0000000085300000| Untracked 
|  64|0x0000000085400000, 0x0000000085400000, 0x0000000085500000|  0%| F|  |TAMS 0x0000000085400000, 0x0000000085400000| Untracked 
|  65|0x0000000085500000, 0x0000000085500000, 0x0000000085600000|  0%| F|  |TAMS 0x0000000085500000, 0x0000000085500000| Untracked 
|  66|0x0000000085600000, 0x0000000085600000, 0x0000000085700000|  0%| F|  |TAMS 0x0000000085600000, 0x0000000085600000| Untracked 
|  67|0x0000000085700000, 0x0000000085700000, 0x0000000085800000|  0%| F|  |TAMS 0x0000000085700000, 0x0000000085700000| Untracked 
|  68|0x0000000085800000, 0x0000000085800000, 0x0000000085900000|  0%| F|  |TAMS 0x0000000085800000, 0x0000000085800000| Untracked 
|  69|0x0000000085900000, 0x0000000085900000, 0x0000000085a00000|  0%| F|  |TAMS 0x0000000085900000, 0x0000000085900000| Untracked 
|  70|0x0000000085a00000, 0x0000000085a00000, 0x0000000085b00000|  0%| F|  |TAMS 0x0000000085a00000, 0x0000000085a00000| Untracked 
|  71|0x0000000085b00000, 0x0000000085b00000, 0x0000000085c00000|  0%| F|  |TAMS 0x0000000085b00000, 0x0000000085b00000| Untracked 
|  72|0x0000000085c00000, 0x0000000085c00000, 0x0000000085d00000|  0%| F|  |TAMS 0x0000000085c00000, 0x0000000085c00000| Untracked 
|  73|0x0000000085d00000, 0x0000000085d00000, 0x0000000085e00000|  0%| F|  |TAMS 0x0000000085d00000, 0x0000000085d00000| Untracked 
|  74|0x0000000085e00000, 0x0000000085e00000, 0x0000000085f00000|  0%| F|  |TAMS 0x0000000085e00000, 0x0000000085e00000| Untracked 
|  75|0x0000000085f00000, 0x0000000085f00000, 0x0000000086000000|  0%| F|  |TAMS 0x0000000085f00000, 0x0000000085f00000| Untracked 
|  76|0x0000000086000000, 0x0000000086000000, 0x0000000086100000|  0%| F|  |TAMS 0x0000000086000000, 0x0000000086000000| Untracked 
|  77|0x0000000086100000, 0x0000000086100000, 0x0000000086200000|  0%| F|  |TAMS 0x0000000086100000, 0x0000000086100000| Untracked 
|  78|0x0000000086200000, 0x0000000086200000, 0x0000000086300000|  0%| F|  |TAMS 0x0000000086200000, 0x0000000086200000| Untracked 
|  79|0x0000000086300000, 0x0000000086300000, 0x0000000086400000|  0%| F|  |TAMS 0x0000000086300000, 0x0000000086300000| Untracked 
|  80|0x0000000086400000, 0x0000000086400000, 0x0000000086500000|  0%| F|  |TAMS 0x0000000086400000, 0x0000000086400000| Untracked 
|  81|0x0000000086500000, 0x0000000086500000, 0x0000000086600000|  0%| F|  |TAMS 0x0000000086500000, 0x0000000086500000| Untracked 
|  82|0x0000000086600000, 0x0000000086600000, 0x0000000086700000|  0%| F|  |TAMS 0x0000000086600000, 0x0000000086600000| Untracked 
|  83|0x0000000086700000, 0x0000000086700000, 0x0000000086800000|  0%| F|  |TAMS 0x0000000086700000, 0x0000000086700000| Untracked 
|  84|0x0000000086800000, 0x0000000086800000, 0x0000000086900000|  0%| F|  |TAMS 0x0000000086800000, 0x0000000086800000| Untracked 
|  85|0x0000000086900000, 0x0000000086900000, 0x0000000086a00000|  0%| F|  |TAMS 0x0000000086900000, 0x0000000086900000| Untracked 
|  86|0x0000000086a00000, 0x0000000086a00000, 0x0000000086b00000|  0%| F|  |TAMS 0x0000000086a00000, 0x0000000086a00000| Untracked 
|  87|0x0000000086b00000, 0x0000000086b00000, 0x0000000086c00000|  0%| F|  |TAMS 0x0000000086b00000, 0x0000000086b00000| Untracked 
|  88|0x0000000086c00000, 0x0000000086c00000, 0x0000000086d00000|  0%| F|  |TAMS 0x0000000086c00000, 0x0000000086c00000| Untracked 
|  89|0x0000000086d00000, 0x0000000086d00000, 0x0000000086e00000|  0%| F|  |TAMS 0x0000000086d00000, 0x0000000086d00000| Untracked 
|  90|0x0000000086e00000, 0x0000000086e00000, 0x0000000086f00000|  0%| F|  |TAMS 0x0000000086e00000, 0x0000000086e00000| Untracked 
|  91|0x0000000086f00000, 0x0000000086f00000, 0x0000000087000000|  0%| F|  |TAMS 0x0000000086f00000, 0x0000000086f00000| Untracked 
|  92|0x0000000087000000, 0x0000000087000000, 0x0000000087100000|  0%| F|  |TAMS 0x0000000087000000, 0x0000000087000000| Untracked 
|  93|0x0000000087100000, 0x0000000087100000, 0x0000000087200000|  0%| F|  |TAMS 0x0000000087100000, 0x0000000087100000| Untracked 
|  94|0x0000000087200000, 0x0000000087200000, 0x0000000087300000|  0%| F|  |TAMS 0x0000000087200000, 0x0000000087200000| Untracked 
|  95|0x0000000087300000, 0x0000000087300000, 0x0000000087400000|  0%| F|  |TAMS 0x0000000087300000, 0x0000000087300000| Untracked 
|  96|0x0000000087400000, 0x0000000087400000, 0x0000000087500000|  0%| F|  |TAMS 0x0000000087400000, 0x0000000087400000| Untracked 
|  97|0x0000000087500000, 0x0000000087500000, 0x0000000087600000|  0%| F|  |TAMS 0x0000000087500000, 0x0000000087500000| Untracked 
|  98|0x0000000087600000, 0x0000000087600000, 0x0000000087700000|  0%| F|  |TAMS 0x0000000087600000, 0x0000000087600000| Untracked 
|  99|0x0000000087700000, 0x0000000087700000, 0x0000000087800000|  0%| F|  |TAMS 0x0000000087700000, 0x0000000087700000| Untracked 
| 100|0x0000000087800000, 0x0000000087800000, 0x0000000087900000|  0%| F|  |TAMS 0x0000000087800000, 0x0000000087800000| Untracked 
| 101|0x0000000087900000, 0x0000000087900000, 0x0000000087a00000|  0%| F|  |TAMS 0x0000000087900000, 0x0000000087900000| Untracked 
| 102|0x0000000087a00000, 0x0000000087a00000, 0x0000000087b00000|  0%| F|  |TAMS 0x0000000087a00000, 0x0000000087a00000| Untracked 
| 103|0x0000000087b00000, 0x0000000087b00000, 0x0000000087c00000|  0%| F|  |TAMS 0x0000000087b00000, 0x0000000087b00000| Untracked 
| 104|0x0000000087c00000, 0x0000000087c00000, 0x0000000087d00000|  0%| F|  |TAMS 0x0000000087c00000, 0x0000000087c00000| Untracked 
| 105|0x0000000087d00000, 0x0000000087d00000, 0x0000000087e00000|  0%| F|  |TAMS 0x0000000087d00000, 0x0000000087d00000| Untracked 
| 106|0x0000000087e00000, 0x0000000087e00000, 0x0000000087f00000|  0%| F|  |TAMS 0x0000000087e00000, 0x0000000087e00000| Untracked 
| 107|0x0000000087f00000, 0x0000000087f00000, 0x0000000088000000|  0%| F|  |TAMS 0x0000000087f00000, 0x0000000087f00000| Untracked 
| 108|0x0000000088000000, 0x0000000088000000, 0x0000000088100000|  0%| F|  |TAMS 0x0000000088000000, 0x0000000088000000| Untracked 
| 109|0x0000000088100000, 0x0000000088100000, 0x0000000088200000|  0%| F|  |TAMS 0x0000000088100000, 0x0000000088100000| Untracked 
| 110|0x0000000088200000, 0x0000000088200000, 0x0000000088300000|  0%| F|  |TAMS 0x0000000088200000, 0x0000000088200000| Untracked 
| 111|0x0000000088300000, 0x0000000088300000, 0x0000000088400000|  0%| F|  |TAMS 0x0000000088300000, 0x0000000088300000| Untracked 
| 112|0x0000000088400000, 0x0000000088400000, 0x0000000088500000|  0%| F|  |TAMS 0x0000000088400000, 0x0000000088400000| Untracked 
| 113|0x0000000088500000, 0x0000000088500000, 0x0000000088600000|  0%| F|  |TAMS 0x0000000088500000, 0x0000000088500000| Untracked 
| 114|0x0000000088600000, 0x0000000088600000, 0x0000000088700000|  0%| F|  |TAMS 0x0000000088600000, 0x0000000088600000| Untracked 
| 115|0x0000000088700000, 0x0000000088700000, 0x0000000088800000|  0%| F|  |TAMS 0x0000000088700000, 0x0000000088700000| Untracked 
| 116|0x0000000088800000, 0x0000000088800000, 0x0000000088900000|  0%| F|  |TAMS 0x0000000088800000, 0x0000000088800000| Untracked 
| 117|0x0000000088900000, 0x00000000889c9e78, 0x0000000088a00000| 78%| E|  |TAMS 0x0000000088900000, 0x0000000088900000| Complete 
| 118|0x0000000088a00000, 0x0000000088b00000, 0x0000000088b00000|100%| E|CS|TAMS 0x0000000088a00000, 0x0000000088a00000| Complete 
| 119|0x0000000088b00000, 0x0000000088c00000, 0x0000000088c00000|100%| E|CS|TAMS 0x0000000088b00000, 0x0000000088b00000| Complete 
| 120|0x0000000088c00000, 0x0000000088d00000, 0x0000000088d00000|100%| E|CS|TAMS 0x0000000088c00000, 0x0000000088c00000| Complete 
| 121|0x0000000088d00000, 0x0000000088e00000, 0x0000000088e00000|100%| E|  |TAMS 0x0000000088d00000, 0x0000000088d00000| Complete 
| 122|0x0000000088e00000, 0x0000000088f00000, 0x0000000088f00000|100%| E|CS|TAMS 0x0000000088e00000, 0x0000000088e00000| Complete 
| 123|0x0000000088f00000, 0x0000000089000000, 0x0000000089000000|100%| E|CS|TAMS 0x0000000088f00000, 0x0000000088f00000| Complete 
| 124|0x0000000089000000, 0x0000000089100000, 0x0000000089100000|100%| E|CS|TAMS 0x0000000089000000, 0x0000000089000000| Complete 
| 125|0x0000000089100000, 0x0000000089200000, 0x0000000089200000|100%| E|CS|TAMS 0x0000000089100000, 0x0000000089100000| Complete 
| 126|0x0000000089200000, 0x0000000089300000, 0x0000000089300000|100%| E|CS|TAMS 0x0000000089200000, 0x0000000089200000| Complete 
| 127|0x0000000089300000, 0x0000000089400000, 0x0000000089400000|100%| E|CS|TAMS 0x0000000089300000, 0x0000000089300000| Complete 

Card table byte_map: [0x00000157e9890000,0x00000157e9c90000] _byte_map_base: 0x00000157e9486000

Marking Bits (Prev, Next): (CMBitMap*) 0x00000157e2e7bf30, (CMBitMap*) 0x00000157e2e7bf70
 Prev Bits: [0x00000157ea090000, 0x00000157ec040000)
 Next Bits: [0x00000157ec040000, 0x00000157edff0000)

Polling page: 0x00000157e0ce0000

Metaspace:

Usage:
  Non-class:      8.55 MB used.
      Class:    935.16 KB used.
       Both:      9.46 MB used.

Virtual space:
  Non-class space:       16.00 MB reserved,       8.62 MB ( 54%) committed,  2 nodes.
      Class space:        1.00 GB reserved,       1.00 MB ( <1%) committed,  1 nodes.
             Both:        1.02 GB reserved,       9.62 MB ( <1%) committed. 

Chunk freelists:
   Non-Class:  3.00 MB
       Class:  3.03 MB
        Both:  6.03 MB

MaxMetaspaceSize: unlimited
CompressedClassSpaceSize: 1.00 GB
Initial GC threshold: 21.00 MB
Current GC threshold: 21.00 MB
CDS: off
MetaspaceReclaimPolicy: balanced
 - commit_granule_bytes: 65536.
 - commit_granule_words: 8192.
 - virtual_space_node_default_size: 1048576.
 - enlarge_chunks_in_place: 1.
 - new_chunks_are_fully_committed: 0.
 - uncommit_free_chunks: 1.
 - use_allocation_guard: 0.
 - handle_deallocations: 1.


Internal statistics:

num_allocs_failed_limit: 0.
num_arena_births: 62.
num_arena_deaths: 0.
num_vsnodes_births: 3.
num_vsnodes_deaths: 0.
num_space_committed: 154.
num_space_uncommitted: 0.
num_chunks_returned_to_freelist: 0.
num_chunks_taken_from_freelist: 92.
num_chunk_merges: 0.
num_chunk_splits: 51.
num_chunks_enlarged: 28.
num_purges: 0.
num_inconsistent_stats: 0.

CodeCache: size=49152Kb used=3123Kb max_used=3123Kb free=46028Kb
 bounds [0x00000157e6490000, 0x00000157e67a0000, 0x00000157e9490000]
 total_blobs=1123 nmethods=711 adapters=338
 compilation: enabled
              stopped_count=0, restarted_count=0
 full_count=0

Compilation events (20 events):
Event: 0.710 Thread 0x00000157e0b83590  702       1       java.lang.Class::isRecord (33 bytes)
Event: 0.710 Thread 0x00000157e0b84ee0  703       1       java.util.Objects::hashCode (13 bytes)
Event: 0.710 Thread 0x00000157e0b83590 nmethod 702 0x00000157e6795990 code [0x00000157e6795b40, 0x00000157e6795c98]
Event: 0.710 Thread 0x00000157e0b84ee0 nmethod 703 0x00000157e6795d10 code [0x00000157e6795ea0, 0x00000157e6795fa8]
Event: 0.710 Thread 0x00000157e0b84ee0  704       1       javax.management.ImmutableDescriptor::union (308 bytes)
Event: 0.711 Thread 0x00000157e0b83590  705       1       javax.management.MBeanFeatureInfo::<init> (20 bytes)
Event: 0.711 Thread 0x00000157e0b85900  706       1       java.util.TreeMap::entrySet (27 bytes)
Event: 0.711 Thread 0x00000157e0b83590 nmethod 705 0x00000157e6796010 code [0x00000157e67961a0, 0x00000157e6796378]
Event: 0.711 Thread 0x00000157e0b83590  707       1       java.util.TreeMap$EntrySet::<init> (10 bytes)
Event: 0.711 Thread 0x00000157e0b85900 nmethod 706 0x00000157e6796410 code [0x00000157e67965a0, 0x00000157e6796758]
Event: 0.711 Thread 0x00000157e0b85900  708       1       java.util.TreeMap$EntrySet::iterator (19 bytes)
Event: 0.711 Thread 0x00000157e0b83590 nmethod 707 0x00000157e6796810 code [0x00000157e67969a0, 0x00000157e6796ab8]
Event: 0.712 Thread 0x00000157e0b83590  709       1       java.util.TreeMap$EntryIterator::<init> (12 bytes)
Event: 0.712 Thread 0x00000157e0b83590 nmethod 709 0x00000157e6796b10 code [0x00000157e6796ca0, 0x00000157e6796eb8]
Event: 0.712 Thread 0x00000157e0b85900 nmethod 708 0x00000157e6796f90 code [0x00000157e6797140, 0x00000157e67973d8]
Event: 0.712 Thread 0x00000157e0b84ee0 nmethod 704 0x00000157e6797510 code [0x00000157e67977a0, 0x00000157e6798348]
Event: 0.716 Thread 0x00000157e0b84ee0  711       1       jdk.internal.org.objectweb.asm.MethodWriter::visitLabel (328 bytes)
Event: 0.717 Thread 0x00000157e0b85900  712       1       java.lang.invoke.MemberName::getType (19 bytes)
Event: 0.717 Thread 0x00000157e0b84ee0 nmethod 711 0x00000157e6798e90 code [0x00000157e67990c0, 0x00000157e6799ce8]
Event: 0.717 Thread 0x00000157e0b85900 nmethod 712 0x00000157e6799f10 code [0x00000157e679a0c0, 0x00000157e679a218]

GC Heap History (0 events):
No events

Deoptimization events (0 events):
No events

Classes unloaded (0 events):
No events

Classes redefined (0 events):
No events

Internal exceptions (6 events):
Event: 0.502 Thread 0x00000157e0c4dfd0 Exception <a 'java/lang/NoSuchMethodError'{0x0000000088b557d0}: 'java.lang.Object java.lang.invoke.DirectMethodHandle$Holder.invokeStaticInit(java.lang.Object)'> (0x0000000088b557d0) 
thrown [e:\jenkins\tmp\workspace\build\src\src\hotspot\share\interpreter\linkResolver.cpp, line 766]
Event: 0.535 Thread 0x00000157e0c4dfd0 Exception <a 'java/lang/NoSuchMethodError'{0x0000000088b71568}: 'int java.lang.invoke.DirectMethodHandle$Holder.invokeInterface(java.lang.Object, java.lang.Object)'> (0x0000000088b71568) 
thrown [e:\jenkins\tmp\workspace\build\src\src\hotspot\share\interpreter\linkResolver.cpp, line 766]
Event: 0.535 Thread 0x00000157e0c4dfd0 Exception <a 'java/lang/IncompatibleClassChangeError'{0x0000000088b74b68}: Found class java.lang.Object, but interface was expected> (0x0000000088b74b68) 
thrown [e:\jenkins\tmp\workspace\build\src\src\hotspot\share\interpreter\linkResolver.cpp, line 833]
Event: 0.537 Thread 0x00000157e0c4dfd0 Exception <a 'java/lang/NoSuchMethodError'{0x0000000088b7a718}: 'void java.lang.invoke.DirectMethodHandle$Holder.invokeStatic(java.lang.Object, java.lang.Object)'> (0x0000000088b7a718) 
thrown [e:\jenkins\tmp\workspace\build\src\src\hotspot\share\interpreter\linkResolver.cpp, line 766]
Event: 0.625 Thread 0x00000157e0c4dfd0 Exception <a 'java/lang/NoSuchMethodError'{0x0000000088a487e0}: 'int java.lang.invoke.DirectMethodHandle$Holder.invokeSpecial(java.lang.Object, java.lang.Object, java.lang.Object)'> (0x0000000088a487e0) 
thrown [e:\jenkins\tmp\workspace\build\src\src\hotspot\share\interpreter\linkResolver.cpp, line 766]
Event: 0.704 Thread 0x00000157e0c4dfd0 Exception <a 'java/lang/NoSuchMethodError'{0x00000000889527a0}: 'void java.lang.invoke.DirectMethodHandle$Holder.invokeStatic(java.lang.Object, java.lang.Object, java.lang.Object)'> (0x00000000889527a0) 
thrown [e:\jenkins\tmp\workspace\build\src\src\hotspot\share\interpreter\linkResolver.cpp, line 766]

VM Operations (8 events):
Event: 0.298 Executing VM operation: HandshakeAllThreads
Event: 0.298 Executing VM operation: HandshakeAllThreads done
Event: 0.543 Executing VM operation: HandshakeAllThreads
Event: 0.543 Executing VM operation: HandshakeAllThreads done
Event: 0.544 Executing VM operation: HandshakeAllThreads
Event: 0.544 Executing VM operation: HandshakeAllThreads done
Event: 0.722 Executing VM operation: HandshakeAllThreads
Event: 0.722 Executing VM operation: HandshakeAllThreads done

Events (20 events):
Event: 0.725 loading class java/lang/invoke/VarForm done
Event: 0.725 loading class java/util/concurrent/atomic/LongAdder
Event: 0.725 loading class java/util/concurrent/atomic/Striped64
Event: 0.725 loading class java/util/concurrent/atomic/Striped64 done
Event: 0.725 loading class java/util/concurrent/atomic/LongAdder done
Event: 0.725 loading class java/util/concurrent/ConcurrentSkipListMap$Node
Event: 0.725 loading class java/util/concurrent/ConcurrentSkipListMap$Node done
Event: 0.725 loading class java/net/InetAddressImplFactory
Event: 0.725 loading class java/net/InetAddressImplFactory done
Event: 0.725 loading class java/net/Inet6AddressImpl
Event: 0.726 loading class java/net/InetAddressImpl
Event: 0.726 loading class java/net/InetAddressImpl done
Event: 0.726 loading class java/net/Inet6AddressImpl done
Event: 0.726 loading class java/net/InetAddress$PlatformNameService
Event: 0.726 loading class java/net/InetAddress$NameService
Event: 0.726 loading class java/net/InetAddress$NameService done
Event: 0.726 loading class java/net/InetAddress$PlatformNameService done
Event: 0.732 loading class java/util/concurrent/ConcurrentSkipListMap$KeySet
Event: 0.733 loading class java/util/concurrent/ConcurrentSkipListMap$KeySet done
Event: 0.733 loading class java/util/concurrent/ConcurrentSkipListMap$KeyIterator


Dynamic libraries:
0x00007ff7abd40000 - 0x00007ff7abd4e000 	C:\Users\Harshita Lashkari\Downloads\sts-4.15.1.RELEASE\plugins\org.eclipse.justj.openjdk.hotspot.jre.full.win32.x86_64_17.0.3.v20220515-1416\jre\bin\javaw.exe
0x00007ffa811b0000 - 0x00007ffa813a5000 	C:\Windows\SYSTEM32\ntdll.dll
0x00007ffa790b0000 - 0x00007ffa790c7000 	C:\Program Files\Avast Software\Avast\aswhook.dll
0x00007ffa80f10000 - 0x00007ffa80fce000 	C:\Windows\System32\KERNEL32.DLL
0x00007ffa7eed0000 - 0x00007ffa7f199000 	C:\Windows\System32\KERNELBASE.dll
0x00007ffa7ebe0000 - 0x00007ffa7ece0000 	C:\Windows\System32\ucrtbase.dll
0x00007ffa78620000 - 0x00007ffa78638000 	C:\Users\Harshita Lashkari\Downloads\sts-4.15.1.RELEASE\plugins\org.eclipse.justj.openjdk.hotspot.jre.full.win32.x86_64_17.0.3.v20220515-1416\jre\bin\jli.dll
0x00007ffa7f880000 - 0x00007ffa7fa21000 	C:\Windows\System32\USER32.dll
0x00007ffa7ea80000 - 0x00007ffa7eaa2000 	C:\Windows\System32\win32u.dll
0x00007ffa80fd0000 - 0x00007ffa80ffb000 	C:\Windows\System32\GDI32.dll
0x00007ffa7e970000 - 0x00007ffa7ea7b000 	C:\Windows\System32\gdi32full.dll
0x00007ffa7e8d0000 - 0x00007ffa7e96d000 	C:\Windows\System32\msvcp_win.dll
0x00007ffa78600000 - 0x00007ffa78619000 	C:\Users\Harshita Lashkari\Downloads\sts-4.15.1.RELEASE\plugins\org.eclipse.justj.openjdk.hotspot.jre.full.win32.x86_64_17.0.3.v20220515-1416\jre\bin\VCRUNTIME140.dll
0x00007ffa6df40000 - 0x00007ffa6e1da000 	C:\Windows\WinSxS\amd64_microsoft.windows.common-controls_6595b64144ccf1df_6.0.19041.1110_none_60b5254171f9507e\COMCTL32.dll
0x00007ffa7f780000 - 0x00007ffa7f81e000 	C:\Windows\System32\msvcrt.dll
0x00007ffa7f6f0000 - 0x00007ffa7f720000 	C:\Windows\System32\IMM32.DLL
0x00007ffa65560000 - 0x00007ffa656ca000 	C:\Program Files (x86)\Citrix\ICA Client\epclient64.dll
0x00007ffa7eb00000 - 0x00007ffa7eb27000 	C:\Windows\System32\bcrypt.dll
0x00007ffa763e0000 - 0x00007ffa763ea000 	C:\Windows\SYSTEM32\VERSION.dll
0x00007ffa7f2d0000 - 0x00007ffa7f37c000 	C:\Windows\System32\ADVAPI32.dll
0x00007ffa7fbe0000 - 0x00007ffa7fc7b000 	C:\Windows\System32\sechost.dll
0x00007ffa7fdb0000 - 0x00007ffa7feda000 	C:\Windows\System32\RPCRT4.dll
0x00007ffa7d5c0000 - 0x00007ffa7d5f3000 	C:\Windows\SYSTEM32\ntmarta.dll
0x00007ffa7d1a0000 - 0x00007ffa7d1b2000 	C:\Windows\SYSTEM32\kernel.appcore.dll
0x00007ffa785f0000 - 0x00007ffa785fc000 	C:\Users\Harshita Lashkari\Downloads\sts-4.15.1.RELEASE\plugins\org.eclipse.justj.openjdk.hotspot.jre.full.win32.x86_64_17.0.3.v20220515-1416\jre\bin\vcruntime140_1.dll
0x00007ffa61550000 - 0x00007ffa615e1000 	C:\Users\Harshita Lashkari\Downloads\sts-4.15.1.RELEASE\plugins\org.eclipse.justj.openjdk.hotspot.jre.full.win32.x86_64_17.0.3.v20220515-1416\jre\bin\msvcp140.dll
0x00007ffa44fb0000 - 0x00007ffa45bf8000 	C:\Users\Harshita Lashkari\Downloads\sts-4.15.1.RELEASE\plugins\org.eclipse.justj.openjdk.hotspot.jre.full.win32.x86_64_17.0.3.v20220515-1416\jre\bin\server\jvm.dll
0x00007ffa81000000 - 0x00007ffa81008000 	C:\Windows\System32\PSAPI.DLL
0x00007ffa6c3d0000 - 0x00007ffa6c3d9000 	C:\Windows\SYSTEM32\WSOCK32.dll
0x00000157e0c70000 - 0x00000157e0cdb000 	C:\Windows\System32\WS2_32.dll
0x00007ffa766d0000 - 0x00007ffa766f7000 	C:\Windows\SYSTEM32\WINMM.dll
0x00007ffa785e0000 - 0x00007ffa785ea000 	C:\Users\Harshita Lashkari\Downloads\sts-4.15.1.RELEASE\plugins\org.eclipse.justj.openjdk.hotspot.jre.full.win32.x86_64_17.0.3.v20220515-1416\jre\bin\jimage.dll
0x00007ffa7c6b0000 - 0x00007ffa7c894000 	C:\Windows\SYSTEM32\DBGHELP.DLL
0x00007ffa77db0000 - 0x00007ffa77ddc000 	C:\Windows\SYSTEM32\dbgcore.DLL
0x00007ffa7ee40000 - 0x00007ffa7eec3000 	C:\Windows\System32\bcryptPrimitives.dll
0x00007ffa706d0000 - 0x00007ffa706f5000 	C:\Users\Harshita Lashkari\Downloads\sts-4.15.1.RELEASE\plugins\org.eclipse.justj.openjdk.hotspot.jre.full.win32.x86_64_17.0.3.v20220515-1416\jre\bin\java.dll
0x00007ffa6ed80000 - 0x00007ffa6ed98000 	C:\Users\Harshita Lashkari\Downloads\sts-4.15.1.RELEASE\plugins\org.eclipse.justj.openjdk.hotspot.jre.full.win32.x86_64_17.0.3.v20220515-1416\jre\bin\zip.dll
0x00007ffa80630000 - 0x00007ffa80d6f000 	C:\Windows\System32\SHELL32.dll
0x00007ffa7c9b0000 - 0x00007ffa7d140000 	C:\Windows\SYSTEM32\windows.storage.dll
0x00007ffa7f390000 - 0x00007ffa7f6e5000 	C:\Windows\System32\combase.dll
0x00007ffa7e250000 - 0x00007ffa7e27c000 	C:\Windows\SYSTEM32\Wldp.dll
0x00007ffa7fee0000 - 0x00007ffa7ff8d000 	C:\Windows\System32\SHCORE.dll
0x00000157e2cd0000 - 0x00000157e2d25000 	C:\Windows\System32\shlwapi.dll
0x00007ffa7e810000 - 0x00007ffa7e82f000 	C:\Windows\SYSTEM32\profapi.dll
0x00007ffa6ed60000 - 0x00007ffa6ed79000 	C:\Users\Harshita Lashkari\Downloads\sts-4.15.1.RELEASE\plugins\org.eclipse.justj.openjdk.hotspot.jre.full.win32.x86_64_17.0.3.v20220515-1416\jre\bin\net.dll
0x00007ffa6e6f0000 - 0x00007ffa6e7f8000 	C:\Windows\SYSTEM32\WINHTTP.dll
0x00007ffa7dfb0000 - 0x00007ffa7e01a000 	C:\Windows\system32\mswsock.dll
0x00007ffa6dae0000 - 0x00007ffa6daf5000 	C:\Users\Harshita Lashkari\Downloads\sts-4.15.1.RELEASE\plugins\org.eclipse.justj.openjdk.hotspot.jre.full.win32.x86_64_17.0.3.v20220515-1416\jre\bin\nio.dll
0x00007ffa785d0000 - 0x00007ffa785d9000 	C:\Users\Harshita Lashkari\Downloads\sts-4.15.1.RELEASE\plugins\org.eclipse.justj.openjdk.hotspot.jre.full.win32.x86_64_17.0.3.v20220515-1416\jre\bin\management.dll
0x00007ffa706c0000 - 0x00007ffa706cb000 	C:\Users\Harshita Lashkari\Downloads\sts-4.15.1.RELEASE\plugins\org.eclipse.justj.openjdk.hotspot.jre.full.win32.x86_64_17.0.3.v20220515-1416\jre\bin\management_ext.dll
0x00007ffa62cd0000 - 0x00007ffa62ce7000 	C:\Windows\system32\napinsp.dll
0x00007ffa62cf0000 - 0x00007ffa62d0b000 	C:\Windows\system32\pnrpnsp.dll
0x00007ffa78d70000 - 0x00007ffa78d85000 	C:\Windows\system32\wshbth.dll
0x00007ffa798a0000 - 0x00007ffa798bd000 	C:\Windows\system32\NLAapi.dll
0x00007ffa7dca0000 - 0x00007ffa7dcdb000 	C:\Windows\SYSTEM32\IPHLPAPI.DLL
0x00007ffa7dcf0000 - 0x00007ffa7ddbc000 	C:\Windows\SYSTEM32\DNSAPI.dll
0x00007ffa7ff90000 - 0x00007ffa7ff98000 	C:\Windows\System32\NSI.dll
0x00007ffa62d10000 - 0x00007ffa62d22000 	C:\Windows\System32\winrnr.dll

dbghelp: loaded successfully - version: 4.0.5 - missing functions: none
symbol engine: initialized successfully - sym options: 0x614 - pdb path: .;C:\Users\Harshita Lashkari\Downloads\sts-4.15.1.RELEASE\plugins\org.eclipse.justj.openjdk.hotspot.jre.full.win32.x86_64_17.0.3.v20220515-1416\jre\bin;C:\Windows\SYSTEM32;C:\Program Files\Avast Software\Avast;C:\Windows\WinSxS\amd64_microsoft.windows.common-controls_6595b64144ccf1df_6.0.19041.1110_none_60b5254171f9507e;C:\Program Files (x86)\Citrix\ICA Client;C:\Users\Harshita Lashkari\Downloads\sts-4.15.1.RELEASE\plugins\org.eclipse.justj.openjdk.hotspot.jre.full.win32.x86_64_17.0.3.v20220515-1416\jre\bin\server

VM Arguments:
jvm_args: -Dcom.sun.management.jmxremote -Dcom.sun.management.jmxremote.port=50310 -Dcom.sun.management.jmxremote.authenticate=false -Dcom.sun.management.jmxremote.ssl=false -Djava.rmi.server.hostname=localhost -Dspring.jmx.enabled=true -Dspring.application.admin.enabled=true -XX:TieredStopAtLevel=1 -Dspring.boot.project.name=WorkitemMS -Dfile.encoding=UTF-8 -XX:+ShowCodeDetailsInExceptionMessages 
java_command: com.demo.ftr.WorkitemMsApplication --spring.output.ansi.enabled=always
java_class_path (initial): D:\Java\WorkitemMS\target\classes;C:\Users\Harshita Lashkari\.m2\repository\org\springframework\boot\spring-boot-starter\2.6.1\spring-boot-starter-2.6.1.jar;C:\Users\Harshita Lashkari\.m2\repository\org\springframework\boot\spring-boot\2.6.1\spring-boot-2.6.1.jar;C:\Users\Harshita Lashkari\.m2\repository\org\springframework\spring-context\5.3.13\spring-context-5.3.13.jar;C:\Users\Harshita Lashkari\.m2\repository\org\springframework\boot\spring-boot-autoconfigure\2.6.1\spring-boot-autoconfigure-2.6.1.jar;C:\Users\Harshita Lashkari\.m2\repository\jakarta\annotation\jakarta.annotation-api\1.3.5\jakarta.annotation-api-1.3.5.jar;C:\Users\Harshita Lashkari\.m2\repository\org\springframework\spring-core\5.3.13\spring-core-5.3.13.jar;C:\Users\Harshita Lashkari\.m2\repository\org\springframework\spring-jcl\5.3.13\spring-jcl-5.3.13.jar;C:\Users\Harshita Lashkari\.m2\repository\org\yaml\snakeyaml\1.29\snakeyaml-1.29.jar;C:\Users\Harshita Lashkari\.m2\repository\org\springframework\boot\spring-boot-starter-data-jpa\2.6.1\spring-boot-starter-data-jpa-2.6.1.jar;C:\Users\Harshita Lashkari\.m2\repository\org\springframework\boot\spring-boot-starter-aop\2.6.1\spring-boot-starter-aop-2.6.1.jar;C:\Users\Harshita Lashkari\.m2\repository\org\springframework\spring-aop\5.3.13\spring-aop-5.3.13.jar;C:\Users\Harshita Lashkari\.m2\repository\org\aspectj\aspectjweaver\1.9.7\aspectjweaver-1.9.7.jar;C:\Users\Harshita Lashkari\.m2\repository\org\springframework\boot\spring-boot-starter-jdbc\2.6.1\spring-boot-starter-jdbc-2.6.1.jar;C:\Users\Harshita Lashkari\.m2\repository\com\zaxxer\HikariCP\4.0.3\HikariCP-4.0.3.jar;C:\Users\Harshita Lashkari\.m2\repository\org\springframework\spring-jdbc\5.3.13\spring-jdbc-5.3.13.jar;C:\Users\Harshita Lashkari\.m2\repository\jakarta\transaction\jakarta.transaction-api\1.3.3\jakarta.transaction-api-1.3.3.jar;C:\Users\Harshita Lashkari\.m2\repository\jakarta\persistence\jakarta.persistence-api\2.2.3\jakarta.persistence-api-2.2.3.jar;
Launcher Type: SUN_STANDARD

[Global flags]
     intx CICompilerCount                          = 3                                         {product} {ergonomic}
     uint ConcGCThreads                            = 1                                         {product} {ergonomic}
     uint G1ConcRefinementThreads                  = 4                                         {product} {ergonomic}
   size_t G1HeapRegionSize                         = 1048576                                   {product} {ergonomic}
    uintx GCDrainStackTargetSize                   = 64                                        {product} {ergonomic}
   size_t InitialHeapSize                          = 134217728                                 {product} {ergonomic}
     bool ManagementServer                         = true                                      {product} {command line}
   size_t MarkStackSize                            = 4194304                                   {product} {ergonomic}
   size_t MaxHeapSize                              = 2126512128                                {product} {ergonomic}
   size_t MaxNewSize                               = 1275068416                                {product} {ergonomic}
   size_t MinHeapDeltaBytes                        = 1048576                                   {product} {ergonomic}
   size_t MinHeapSize                              = 8388608                                   {product} {ergonomic}
    uintx NonProfiledCodeHeapSize                  = 0                                      {pd product} {ergonomic}
     bool ProfileInterpreter                       = false                                  {pd product} {command line}
    uintx ProfiledCodeHeapSize                     = 0                                      {pd product} {ergonomic}
     bool ShowCodeDetailsInExceptionMessages       = true                                   {manageable} {command line}
   size_t SoftMaxHeapSize                          = 2126512128                             {manageable} {ergonomic}
     intx TieredStopAtLevel                        = 1                                         {product} {command line}
     bool UseCompressedClassPointers               = true                           {product lp64_product} {ergonomic}
     bool UseCompressedOops                        = true                           {product lp64_product} {ergonomic}
     bool UseG1GC                                  = true                                      {product} {ergonomic}
     bool UseLargePagesIndividualAllocation        = false                                  {pd product} {ergonomic}

Logging:
Log output configuration:
 #0: stdout all=warning uptime,level,tags
 #1: stderr all=off uptime,level,tags

Environment Variables:
PATH=D:/Java/sts-4.15.1.RELEASE//plugins/org.eclipse.justj.openjdk.hotspot.jre.full.win32.x86_64_17.0.3.v20220515-1416/jre/bin/server;D:/Java/sts-4.15.1.RELEASE//plugins/org.eclipse.justj.openjdk.hotspot.jre.full.win32.x86_64_17.0.3.v20220515-1416/jre/bin;C:\Windows\system32;C:\Windows;C:\Windows\System32\Wbem;C:\Windows\System32\WindowsPowerShell\v1.0\;C:\Windows\System32\OpenSSH\;D:\Node\;C:\Program Files\MySQL\MySQL Shell 8.0\bin\;C:\Program Files (x86)\Common Files\Oracle\Java\javapath;C:\Windows\system32;C:\Windows;C:\Windows\System32\Wbem;C:\Windows\System32\WindowsPowerShell\v1.0\;C:\Windows\System32\OpenSSH\;C:\Users\Harshita Lashkari\AppData\Local\Microsoft\WindowsApps;D:\VSCode\Microsoft VS Code\bin;C:\Users\Harshita Lashkari\AppData\Roaming\npm;D:\Java\sts-4.15.1.RELEASE;
USERNAME=Harshita Lashkari
OS=Windows_NT
PROCESSOR_IDENTIFIER=Intel64 Family 6 Model 61 Stepping 4, GenuineIntel



---------------  S Y S T E M  ---------------

OS:
 Windows 10 , 64 bit Build 19041 (10.0.19041.1202)
OS uptime: 0 days 3:51 hours

CPU: total 4 (initial active 4) (2 cores per cpu, 2 threads per core) family 6 model 61 stepping 4 microcode 0x2d, cx8, cmov, fxsr, ht, mmx, 3dnowpref, sse, sse2, sse3, ssse3, sse4.1, sse4.2, popcnt, lzcnt, tsc, tscinvbit, avx, avx2, aes, erms, clmul, bmi1, bmi2, adx, fma, vzeroupper, clflush

Memory: 4k page, system-wide physical 8104M (903M free)
TotalPageFile size 8104M (AvailPageFile size 273M)
current process WorkingSet (physical memory assigned to process): 53M, peak: 53M
current process commit charge ("private bytes"): 202M, peak: 203M

vm_info: OpenJDK 64-Bit Server VM (17.0.3+7) for windows-amd64 JRE (17.0.3+7), built on Apr 19 2022 16:55:35 by "" with MS VC++ 16.7 (VS2019)

END.
